<?xml version="1.0" encoding="UTF-8"?>
<!-- Generated by org.testng.reporters.JUnitXMLReporter -->
<testsuite ignored="1" hostname="QB-IPL-2298" failures="0" tests="1" name="Test" time="23.322" errors="0" timestamp="2022-07-19T15:03:29 IST">
  <testcase classname="NYU_SOM_Automation.SOM.faculty_search" name="filterfacultysearch" time="20.571"/>
  <testcase classname="NYU_SOM_Automation.SOM.faculty_search" name="loadfacultysearch" time="0.0">
    <ignored/>
  </testcase> <!-- loadfacultysearch -->
</testsuite> <!-- Test -->
