<?xml version="1.0" encoding="UTF-8"?>
<testng-results ignored="1" total="2" passed="1" failed="0" skipped="0">
  <reporter-output>
  </reporter-output>
  <suite started-at="2022-07-19T15:03:06 IST" name="Suite" finished-at="2022-07-19T15:03:29 IST" duration-ms="23322">
    <groups>
    </groups>
    <test started-at="2022-07-19T15:03:06 IST" name="Test" finished-at="2022-07-19T15:03:29 IST" duration-ms="23322">
      <class name="NYU_SOM_Automation.SOM.faculty_search">
        <test-method is-config="true" signature="intilize()[pri:0, instance:NYU_SOM_Automation.SOM.faculty_search@3f6b0be5]" started-at="2022-07-19T15:03:06 IST" name="intilize" finished-at="2022-07-19T15:03:08 IST" duration-ms="2730" status="PASS">
          <reporter-output>
          </reporter-output>
        </test-method> <!-- intilize -->
        <test-method signature="filterfacultysearch()[pri:2, instance:NYU_SOM_Automation.SOM.faculty_search@3f6b0be5]" started-at="2022-07-19T15:03:08 IST" name="filterfacultysearch" finished-at="2022-07-19T15:03:29 IST" duration-ms="20571" status="PASS">
          <reporter-output>
          </reporter-output>
        </test-method> <!-- filterfacultysearch -->
      </class> <!-- NYU_SOM_Automation.SOM.faculty_search -->
    </test> <!-- Test -->
  </suite> <!-- Suite -->
</testng-results>
